# JRE version: Java(TM) SE Runtime Environment (8.0_162-b12) (build 1.8.0_162-b12)
# Java VM: Java HotSpot(TM) 64-Bit Server VM (25.162-b12 mixed mode windows-amd64 compressed oops)
Heap:
 PSYoungGen      total 142848K, used 108866K [0x00000000d6000000, 0x00000000df700000, 0x0000000100000000)
  eden space 131072K, 83% used [0x00000000d6000000,0x00000000dca509c8,0x00000000de000000)
  from space 11776K, 0% used [0x00000000de000000,0x00000000de000000,0x00000000deb80000)
  to   space 11264K, 0% used [0x00000000dec00000,0x00000000dec00000,0x00000000df700000)
 ParOldGen       total 55808K, used 21465K [0x0000000082000000, 0x0000000085680000, 0x00000000d6000000)
  object space 55808K, 38% used [0x0000000082000000,0x00000000834f6470,0x0000000085680000)
 Metaspace       used 37066K, capacity 37548K, committed 38016K, reserved 1083392K
  class space    used 4749K, capacity 4865K, committed 4992K, reserved 1048576K
GC Heap History (10 events):
Event: 3.197 GC heap before
{Heap before GC invocations=9 (full 1):
 PSYoungGen      total 142848K, used 138878K [0x00000000d6000000, 0x00000000df700000, 0x0000000100000000)
  eden space 131072K, 100% used [0x00000000d6000000,0x00000000de000000,0x00000000de000000)
  from space 11776K, 66% used [0x00000000de000000,0x00000000de79fbb8,0x00000000deb80000)
  to   space 11264K, 0% used [0x00000000dec00000,0x00000000dec00000,0x00000000df700000)
 ParOldGen       total 55808K, used 9427K [0x0000000082000000, 0x0000000085680000, 0x00000000d6000000)
  object space 55808K, 16% used [0x0000000082000000,0x0000000082934cb8,0x0000000085680000)
 Metaspace       used 29759K, capacity 30146K, committed 30592K, reserved 1075200K
  class space    used 3764K, capacity 3850K, committed 3968K, reserved 1048576K
Event: 3.203 GC heap after
Heap after GC invocations=9 (full 1):
 PSYoungGen      total 142336K, used 9196K [0x00000000d6000000, 0x00000000df700000, 0x0000000100000000)
  eden space 131072K, 0% used [0x00000000d6000000,0x00000000d6000000,0x00000000de000000)
  from space 11264K, 81% used [0x00000000dec00000,0x00000000df4fb030,0x00000000df700000)
  to   space 11776K, 0% used [0x00000000de000000,0x00000000de000000,0x00000000deb80000)
 ParOldGen       total 55808K, used 9435K [0x0000000082000000, 0x0000000085680000, 0x00000000d6000000)
  object space 55808K, 16% used [0x0000000082000000,0x0000000082936cb8,0x0000000085680000)
 Metaspace       used 29759K, capacity 30146K, committed 30592K, reserved 1075200K
  class space    used 3764K, capacity 3850K, committed 3968K, reserved 1048576K
}
Event: 3.771 GC heap before
{Heap before GC invocations=10 (full 1):
 PSYoungGen      total 142336K, used 140268K [0x00000000d6000000, 0x00000000df700000, 0x0000000100000000)
  eden space 131072K, 100% used [0x00000000d6000000,0x00000000de000000,0x00000000de000000)
  from space 11264K, 81% used [0x00000000dec00000,0x00000000df4fb030,0x00000000df700000)
  to   space 11776K, 0% used [0x00000000de000000,0x00000000de000000,0x00000000deb80000)
 ParOldGen       total 55808K, used 9435K [0x0000000082000000, 0x0000000085680000, 0x00000000d6000000)
  object space 55808K, 16% used [0x0000000082000000,0x0000000082936cb8,0x0000000085680000)
 Metaspace       used 32239K, capacity 32650K, committed 32896K, reserved 1077248K
  class space    used 4082K, capacity 4182K, committed 4224K, reserved 1048576K
Event: 3.779 GC heap after
Heap after GC invocations=10 (full 1):
 PSYoungGen      total 142848K, used 10827K [0x00000000d6000000, 0x00000000df700000, 0x0000000100000000)
  eden space 131072K, 0% used [0x00000000d6000000,0x00000000d6000000,0x00000000de000000)
  from space 11776K, 91% used [0x00000000de000000,0x00000000dea92f50,0x00000000deb80000)
  to   space 11264K, 0% used [0x00000000dec00000,0x00000000dec00000,0x00000000df700000)
 ParOldGen       total 55808K, used 9443K [0x0000000082000000, 0x0000000085680000, 0x00000000d6000000)
  object space 55808K, 16% used [0x0000000082000000,0x0000000082938cb8,0x0000000085680000)
 Metaspace       used 32239K, capacity 32650K, committed 32896K, reserved 1077248K
  class space    used 4082K, capacity 4182K, committed 4224K, reserved 1048576K
}
Event: 4.252 GC heap before
{Heap before GC invocations=11 (full 1):
 PSYoungGen      total 142848K, used 141899K [0x00000000d6000000, 0x00000000df700000, 0x0000000100000000)
  eden space 131072K, 100% used [0x00000000d6000000,0x00000000de000000,0x00000000de000000)
  from space 11776K, 91% used [0x00000000de000000,0x00000000dea92f50,0x00000000deb80000)
  to   space 11264K, 0% used [0x00000000dec00000,0x00000000dec00000,0x00000000df700000)
 ParOldGen       total 55808K, used 9443K [0x0000000082000000, 0x0000000085680000, 0x00000000d6000000)
  object space 55808K, 16% used [0x0000000082000000,0x0000000082938cb8,0x0000000085680000)
 Metaspace       used 34295K, capacity 34722K, committed 35072K, reserved 1079296K
  class space    used 4377K, capacity 4506K, committed 4608K, reserved 1048576K
Event: 4.261 GC heap after
Heap after GC invocations=11 (full 1):
 PSYoungGen      total 142336K, used 9012K [0x00000000d6000000, 0x00000000df700000, 0x0000000100000000)
  eden space 131072K, 0% used [0x00000000d6000000,0x00000000d6000000,0x00000000de000000)
  from space 11264K, 80% used [0x00000000dec00000,0x00000000df4cd2e0,0x00000000df700000)
  to   space 11776K, 0% used [0x00000000de000000,0x00000000de000000,0x00000000deb80000)
 ParOldGen       total 55808K, used 14628K [0x0000000082000000, 0x0000000085680000, 0x00000000d6000000)
  object space 55808K, 26% used [0x0000000082000000,0x0000000082e490e0,0x0000000085680000)
 Metaspace       used 34295K, capacity 34722K, committed 35072K, reserved 1079296K
  class space    used 4377K, capacity 4506K, committed 4608K, reserved 1048576K
}
Event: 4.327 GC heap before
{Heap before GC invocations=12 (full 1):
 PSYoungGen      total 142336K, used 23522K [0x00000000d6000000, 0x00000000df700000, 0x0000000100000000)
  eden space 131072K, 11% used [0x00000000d6000000,0x00000000d6e2b850,0x00000000de000000)
  from space 11264K, 80% used [0x00000000dec00000,0x00000000df4cd2e0,0x00000000df700000)
  to   space 11776K, 0% used [0x00000000de000000,0x00000000de000000,0x00000000deb80000)
 ParOldGen       total 55808K, used 14628K [0x0000000082000000, 0x0000000085680000, 0x00000000d6000000)
  object space 55808K, 26% used [0x0000000082000000,0x0000000082e490e0,0x0000000085680000)
 Metaspace       used 34780K, capacity 35202K, committed 35496K, reserved 1081344K
  class space    used 4423K, capacity 4538K, committed 4608K, reserved 1048576K
Event: 4.333 GC heap after
Heap after GC invocations=12 (full 1):
 PSYoungGen      total 142848K, used 895K [0x00000000d6000000, 0x00000000df700000, 0x0000000100000000)
  eden space 131072K, 0% used [0x00000000d6000000,0x00000000d6000000,0x00000000de000000)
  from space 11776K, 7% used [0x00000000de000000,0x00000000de0dfc40,0x00000000deb80000)
  to   space 11264K, 0% used [0x00000000dec00000,0x00000000dec00000,0x00000000df700000)
 ParOldGen       total 55808K, used 21840K [0x0000000082000000, 0x0000000085680000, 0x00000000d6000000)
  object space 55808K, 39% used [0x0000000082000000,0x0000000083554100,0x0000000085680000)
 Metaspace       used 34780K, capacity 35202K, committed 35496K, reserved 1081344K
  class space    used 4423K, capacity 4538K, committed 4608K, reserved 1048576K
}
Event: 4.333 GC heap before
{Heap before GC invocations=13 (full 2):
 PSYoungGen      total 142848K, used 895K [0x00000000d6000000, 0x00000000df700000, 0x0000000100000000)
  eden space 131072K, 0% used [0x00000000d6000000,0x00000000d6000000,0x00000000de000000)
  from space 11776K, 7% used [0x00000000de000000,0x00000000de0dfc40,0x00000000deb80000)
  to   space 11264K, 0% used [0x00000000dec00000,0x00000000dec00000,0x00000000df700000)
 ParOldGen       total 55808K, used 21840K [0x0000000082000000, 0x0000000085680000, 0x00000000d6000000)
  object space 55808K, 39% used [0x0000000082000000,0x0000000083554100,0x0000000085680000)
 Metaspace       used 34780K, capacity 35202K, committed 35496K, reserved 1081344K
  class space    used 4423K, capacity 4538K, committed 4608K, reserved 1048576K
Event: 4.454 GC heap after
Heap after GC invocations=13 (full 2):
 PSYoungGen      total 142848K, used 0K [0x00000000d6000000, 0x00000000df700000, 0x0000000100000000)
  eden space 131072K, 0% used [0x00000000d6000000,0x00000000d6000000,0x00000000de000000)
  from space 11776K, 0% used [0x00000000de000000,0x00000000de000000,0x00000000deb80000)
  to   space 11264K, 0% used [0x00000000dec00000,0x00000000dec00000,0x00000000df700000)
 ParOldGen       total 55808K, used 21465K [0x0000000082000000, 0x0000000085680000, 0x00000000d6000000)
  object space 55808K, 38% used [0x0000000082000000,0x00000000834f6470,0x0000000085680000)
 Metaspace       used 34780K, capacity 35202K, committed 35496K, reserved 1081344K
  class space    used 4423K, capacity 4538K, committed 4608K, reserved 1048576K
}

