# JRE version: Java(TM) SE Runtime Environment (8.0_162-b12) (build 1.8.0_162-b12)
# Java VM: Java HotSpot(TM) 64-Bit Server VM (25.162-b12 mixed mode windows-amd64 compressed oops)
Heap:
 PSYoungGen      total 142848K, used 63765K [0x00000000d6000000, 0x00000000df700000, 0x0000000100000000)
  eden space 131072K, 43% used [0x00000000d6000000,0x00000000d97e61e0,0x00000000de000000)
  from space 11776K, 55% used [0x00000000deb80000,0x00000000df1df250,0x00000000df700000)
  to   space 11776K, 0% used [0x00000000de000000,0x00000000de000000,0x00000000deb80000)
 ParOldGen       total 83968K, used 21516K [0x0000000082000000, 0x0000000087200000, 0x00000000d6000000)
  object space 83968K, 25% used [0x0000000082000000,0x00000000835031c8,0x0000000087200000)
 Metaspace       used 37769K, capacity 38220K, committed 38528K, reserved 1083392K
  class space    used 4835K, capacity 4961K, committed 4992K, reserved 1048576K
GC Heap History (10 events):
Event: 4.142 GC heap before
{Heap before GC invocations=10 (full 1):
 PSYoungGen      total 142848K, used 140120K [0x00000000d6000000, 0x00000000df700000, 0x0000000100000000)
  eden space 131072K, 100% used [0x00000000d6000000,0x00000000de000000,0x00000000de000000)
  from space 11776K, 76% used [0x00000000deb80000,0x00000000df456250,0x00000000df700000)
  to   space 11776K, 0% used [0x00000000de000000,0x00000000de000000,0x00000000deb80000)
 ParOldGen       total 54784K, used 9395K [0x0000000082000000, 0x0000000085580000, 0x00000000d6000000)
  object space 54784K, 17% used [0x0000000082000000,0x000000008292ceb8,0x0000000085580000)
 Metaspace       used 32270K, capacity 32714K, committed 32896K, reserved 1077248K
  class space    used 4078K, capacity 4182K, committed 4224K, reserved 1048576K
Event: 4.151 GC heap after
Heap after GC invocations=10 (full 1):
 PSYoungGen      total 142848K, used 10802K [0x00000000d6000000, 0x00000000df700000, 0x0000000100000000)
  eden space 131072K, 0% used [0x00000000d6000000,0x00000000d6000000,0x00000000de000000)
  from space 11776K, 91% used [0x00000000de000000,0x00000000dea8cb70,0x00000000deb80000)
  to   space 11776K, 0% used [0x00000000deb80000,0x00000000deb80000,0x00000000df700000)
 ParOldGen       total 54784K, used 9403K [0x0000000082000000, 0x0000000085580000, 0x00000000d6000000)
  object space 54784K, 17% used [0x0000000082000000,0x000000008292eeb8,0x0000000085580000)
 Metaspace       used 32270K, capacity 32714K, committed 32896K, reserved 1077248K
  class space    used 4078K, capacity 4182K, committed 4224K, reserved 1048576K
}
Event: 4.640 GC heap before
{Heap before GC invocations=11 (full 1):
 PSYoungGen      total 142848K, used 141874K [0x00000000d6000000, 0x00000000df700000, 0x0000000100000000)
  eden space 131072K, 100% used [0x00000000d6000000,0x00000000de000000,0x00000000de000000)
  from space 11776K, 91% used [0x00000000de000000,0x00000000dea8cb70,0x00000000deb80000)
  to   space 11776K, 0% used [0x00000000deb80000,0x00000000deb80000,0x00000000df700000)
 ParOldGen       total 54784K, used 9403K [0x0000000082000000, 0x0000000085580000, 0x00000000d6000000)
  object space 54784K, 17% used [0x0000000082000000,0x000000008292eeb8,0x0000000085580000)
 Metaspace       used 34325K, capacity 34786K, committed 35072K, reserved 1079296K
  class space    used 4376K, capacity 4506K, committed 4608K, reserved 1048576K
Event: 4.648 GC heap after
Heap after GC invocations=11 (full 1):
 PSYoungGen      total 142848K, used 9076K [0x00000000d6000000, 0x00000000df700000, 0x0000000100000000)
  eden space 131072K, 0% used [0x00000000d6000000,0x00000000d6000000,0x00000000de000000)
  from space 11776K, 77% used [0x00000000deb80000,0x00000000df45d2e0,0x00000000df700000)
  to   space 11776K, 0% used [0x00000000de000000,0x00000000de000000,0x00000000deb80000)
 ParOldGen       total 54784K, used 14508K [0x0000000082000000, 0x0000000085580000, 0x00000000d6000000)
  object space 54784K, 26% used [0x0000000082000000,0x0000000082e2b2e0,0x0000000085580000)
 Metaspace       used 34325K, capacity 34786K, committed 35072K, reserved 1079296K
  class space    used 4376K, capacity 4506K, committed 4608K, reserved 1048576K
}
Event: 4.723 GC heap before
{Heap before GC invocations=12 (full 1):
 PSYoungGen      total 142848K, used 26088K [0x00000000d6000000, 0x00000000df700000, 0x0000000100000000)
  eden space 131072K, 12% used [0x00000000d6000000,0x00000000d709cd80,0x00000000de000000)
  from space 11776K, 77% used [0x00000000deb80000,0x00000000df45d2e0,0x00000000df700000)
  to   space 11776K, 0% used [0x00000000de000000,0x00000000de000000,0x00000000deb80000)
 ParOldGen       total 54784K, used 14508K [0x0000000082000000, 0x0000000085580000, 0x00000000d6000000)
  object space 54784K, 26% used [0x0000000082000000,0x0000000082e2b2e0,0x0000000085580000)
 Metaspace       used 34849K, capacity 35266K, committed 35496K, reserved 1081344K
  class space    used 4424K, capacity 4538K, committed 4608K, reserved 1048576K
Event: 4.729 GC heap after
Heap after GC invocations=12 (full 1):
 PSYoungGen      total 142848K, used 1024K [0x00000000d6000000, 0x00000000df700000, 0x0000000100000000)
  eden space 131072K, 0% used [0x00000000d6000000,0x00000000d6000000,0x00000000de000000)
  from space 11776K, 8% used [0x00000000de000000,0x00000000de100038,0x00000000deb80000)
  to   space 11776K, 0% used [0x00000000deb80000,0x00000000deb80000,0x00000000df700000)
 ParOldGen       total 54784K, used 21764K [0x0000000082000000, 0x0000000085580000, 0x00000000d6000000)
  object space 54784K, 39% used [0x0000000082000000,0x00000000835412f0,0x0000000085580000)
 Metaspace       used 34849K, capacity 35266K, committed 35496K, reserved 1081344K
  class space    used 4424K, capacity 4538K, committed 4608K, reserved 1048576K
}
Event: 4.729 GC heap before
{Heap before GC invocations=13 (full 2):
 PSYoungGen      total 142848K, used 1024K [0x00000000d6000000, 0x00000000df700000, 0x0000000100000000)
  eden space 131072K, 0% used [0x00000000d6000000,0x00000000d6000000,0x00000000de000000)
  from space 11776K, 8% used [0x00000000de000000,0x00000000de100038,0x00000000deb80000)
  to   space 11776K, 0% used [0x00000000deb80000,0x00000000deb80000,0x00000000df700000)
 ParOldGen       total 54784K, used 21764K [0x0000000082000000, 0x0000000085580000, 0x00000000d6000000)
  object space 54784K, 39% used [0x0000000082000000,0x00000000835412f0,0x0000000085580000)
 Metaspace       used 34849K, capacity 35266K, committed 35496K, reserved 1081344K
  class space    used 4424K, capacity 4538K, committed 4608K, reserved 1048576K
Event: 4.845 GC heap after
Heap after GC invocations=13 (full 2):
 PSYoungGen      total 142848K, used 0K [0x00000000d6000000, 0x00000000df700000, 0x0000000100000000)
  eden space 131072K, 0% used [0x00000000d6000000,0x00000000d6000000,0x00000000de000000)
  from space 11776K, 0% used [0x00000000de000000,0x00000000de000000,0x00000000deb80000)
  to   space 11776K, 0% used [0x00000000deb80000,0x00000000deb80000,0x00000000df700000)
 ParOldGen       total 83968K, used 21508K [0x0000000082000000, 0x0000000087200000, 0x00000000d6000000)
  object space 83968K, 25% used [0x0000000082000000,0x00000000835011c8,0x0000000087200000)
 Metaspace       used 34849K, capacity 35266K, committed 35496K, reserved 1081344K
  class space    used 4424K, capacity 4538K, committed 4608K, reserved 1048576K
}
Event: 5.315 GC heap before
{Heap before GC invocations=14 (full 2):
 PSYoungGen      total 142848K, used 131072K [0x00000000d6000000, 0x00000000df700000, 0x0000000100000000)
  eden space 131072K, 100% used [0x00000000d6000000,0x00000000de000000,0x00000000de000000)
  from space 11776K, 0% used [0x00000000de000000,0x00000000de000000,0x00000000deb80000)
  to   space 11776K, 0% used [0x00000000deb80000,0x00000000deb80000,0x00000000df700000)
 ParOldGen       total 83968K, used 21508K [0x0000000082000000, 0x0000000087200000, 0x00000000d6000000)
  object space 83968K, 25% used [0x0000000082000000,0x00000000835011c8,0x0000000087200000)
 Metaspace       used 37296K, capacity 37772K, committed 38016K, reserved 1083392K
  class space    used 4771K, capacity 4897K, committed 4992K, reserved 1048576K
Event: 5.320 GC heap after
Heap after GC invocations=14 (full 2):
 PSYoungGen      total 142848K, used 6524K [0x00000000d6000000, 0x00000000df700000, 0x0000000100000000)
  eden space 131072K, 0% used [0x00000000d6000000,0x00000000d6000000,0x00000000de000000)
  from space 11776K, 55% used [0x00000000deb80000,0x00000000df1df250,0x00000000df700000)
  to   space 11776K, 0% used [0x00000000de000000,0x00000000de000000,0x00000000deb80000)
 ParOldGen       total 83968K, used 21516K [0x0000000082000000, 0x0000000087200000, 0x00000000d6000000)
  object space 83968K, 25% used [0x0000000082000000,0x00000000835031c8,0x0000000087200000)
 Metaspace       used 37296K, capacity 37772K, committed 38016K, reserved 1083392K
  class space    used 4771K, capacity 4897K, committed 4992K, reserved 1048576K
}

